<?xml version="1.0" encoding="UTF-8"?>
<robot generator="Robot 5.0 (Python 3.10.4 on win32)" generated="20220517 13:02:43.744" rpa="false" schemaversion="3">
<suite id="s1" name="Cadastro" source="E:\Projetos_robotFramework\gravidadeZERO\YODAPP\tests\cadastro.robot">
<test id="s1-t1" name="Deve cadastrar um novo personagem" line="12">
<kw name="Start Session" library="base" type="SETUP">
<kw name="New Browser" library="Browser">
<arg>chromium</arg>
<arg>headless=False</arg>
<arg>slowMo=00:00:00</arg>
<tag>BrowserControl</tag>
<tag>Setter</tag>
<doc>Create a new playwright Browser with specified options.</doc>
<msg timestamp="20220517 13:02:45.103" level="INFO">{"browser": "chromium", "headless": false, "handleSIGINT": true, "handleSIGTERM": true, "handleSIGHUP": true, "timeout": 30000.0, "devtools": false, "slowMo": 0.0, "tracesDir": "E:\\Projetos_robotFramework\\gravidadeZERO\\YODAPP\\logs\\browser\\traces\\22604001-11d2-4903-ab10-1d34806b813a"}</msg>
<msg timestamp="20220517 13:02:46.544" level="INFO">Successfully created browser with options: {"browser":"chromium","headless":false,"handleSIGINT":true,"handleSIGTERM":true,"handleSIGHUP":true,"timeout":30000,"devtools":false,"slowMo":0,"tracesDir":"E:\\Projetos_robotFramework\\gravidadeZERO\\YODAPP\\logs\\browser\\traces\\22604001-11d2-4903-ab10-1d34806b813a"}</msg>
<status status="PASS" starttime="20220517 13:02:45.103" endtime="20220517 13:02:46.544"/>
</kw>
<kw name="New Page" library="Browser">
<arg>https://yodapp-testing.vercel.app/</arg>
<tag>BrowserControl</tag>
<tag>Setter</tag>
<doc>Open a new Page.</doc>
<msg timestamp="20220517 13:02:49.837" level="INFO">Successfully initialized new page object and opened url: https://yodapp-testing.vercel.app/</msg>
<msg timestamp="20220517 13:02:49.837" level="INFO">No context was open. New context was automatically opened when this page is created.</msg>
<status status="PASS" starttime="20220517 13:02:46.544" endtime="20220517 13:02:49.838"/>
</kw>
<status status="PASS" starttime="20220517 13:02:45.102" endtime="20220517 13:02:49.838"/>
</kw>
<kw name="Factory Yoda" library="users">
<var>${user}</var>
<msg timestamp="20220517 13:02:49.839" level="INFO">${user} = {'name': 'Mestre Yoda', 'email': 'yoda@jedi.com', 'ordem': 'Jedi', 'tipoJedi': 'Cavaleiro Jedi', 'birthDate': 'fevereiro-1970-20', 'instagram': '@yoda'}</msg>
<status status="PASS" starttime="20220517 13:02:49.838" endtime="20220517 13:02:49.839"/>
</kw>
<kw name="Go To User Form" library="actions">
<kw name="Click" library="Browser">
<arg>text=Novo</arg>
<tag>PageContent</tag>
<tag>Setter</tag>
<doc>Simulates mouse click on the element found by ``selector``.</doc>
<status status="PASS" starttime="20220517 13:02:49.840" endtime="20220517 13:02:50.019"/>
</kw>
<kw name="Wait For Elements State" library="Browser">
<arg>css=.card-header-title &gt;&gt; text=Cadastrar novo usuário</arg>
<arg>visible</arg>
<arg>5</arg>
<tag>PageContent</tag>
<tag>Wait</tag>
<doc>Waits for the element found by ``selector`` to satisfy state option.</doc>
<msg timestamp="20220517 13:02:50.338" level="INFO">Waited for Element with selector css=.card-header-title &gt;&gt; text=Cadastrar novo usuário at state visible</msg>
<status status="PASS" starttime="20220517 13:02:50.019" endtime="20220517 13:02:50.338"/>
</kw>
<status status="PASS" starttime="20220517 13:02:49.839" endtime="20220517 13:02:50.339"/>
</kw>
<kw name="Fill User Form" library="actions">
<arg>${user}</arg>
<kw name="Fill Text" library="Browser">
<arg>css=input[name="nome"]</arg>
<arg>${user}[name]</arg>
<tag>PageContent</tag>
<tag>Setter</tag>
<doc>Clears and fills the given ``txt`` into the text field found by ``selector``.</doc>
<msg timestamp="20220517 13:02:50.340" level="INFO">Fills the text 'Mestre Yoda' in the given field.</msg>
<status status="PASS" starttime="20220517 13:02:50.340" endtime="20220517 13:02:50.388"/>
</kw>
<kw name="Fill Text" library="Browser">
<arg>css=input[name="email"]</arg>
<arg>${user}[email]</arg>
<tag>PageContent</tag>
<tag>Setter</tag>
<doc>Clears and fills the given ``txt`` into the text field found by ``selector``.</doc>
<msg timestamp="20220517 13:02:50.389" level="INFO">Fills the text 'yoda@jedi.com' in the given field.</msg>
<status status="PASS" starttime="20220517 13:02:50.389" endtime="20220517 13:02:50.436"/>
</kw>
<kw name="Select Options By" library="Browser">
<arg>css=.ordem select</arg>
<arg>text</arg>
<arg>${user}[ordem]</arg>
<tag>PageContent</tag>
<tag>Setter</tag>
<doc>Selects options from select element found by ``selector``.</doc>
<status status="PASS" starttime="20220517 13:02:50.436" endtime="20220517 13:02:50.566"/>
</kw>
<kw name="Select Birth Date" library="actions">
<arg>${user}[birthDate]</arg>
<kw name="Split String" library="String">
<var>@{date}</var>
<arg>${text_date}</arg>
<arg>-</arg>
<doc>Splits the ``string`` using ``separator`` as a delimiter string.</doc>
<msg timestamp="20220517 13:02:50.568" level="INFO">@{date} = [ fevereiro | 1970 | 20 ]</msg>
<status status="PASS" starttime="20220517 13:02:50.567" endtime="20220517 13:02:50.568"/>
</kw>
<kw name="Click" library="Browser">
<arg>css=input[name="Data de nascimento"]</arg>
<tag>PageContent</tag>
<tag>Setter</tag>
<doc>Simulates mouse click on the element found by ``selector``.</doc>
<status status="PASS" starttime="20220517 13:02:50.568" endtime="20220517 13:02:50.734"/>
</kw>
<kw name="Select Options By" library="Browser">
<arg>xpath=(//header[@class="datepicker-header"]//select)[1]</arg>
<arg>text</arg>
<arg>${date}[0]</arg>
<tag>PageContent</tag>
<tag>Setter</tag>
<doc>Selects options from select element found by ``selector``.</doc>
<status status="PASS" starttime="20220517 13:02:50.734" endtime="20220517 13:02:51.026"/>
</kw>
<kw name="Select Options By" library="Browser">
<arg>xpath=(//header[@class="datepicker-header"]//select)[2]</arg>
<arg>value</arg>
<arg>${date}[1]</arg>
<tag>PageContent</tag>
<tag>Setter</tag>
<doc>Selects options from select element found by ``selector``.</doc>
<status status="PASS" starttime="20220517 13:02:51.026" endtime="20220517 13:02:52.827"/>
</kw>
<kw name="Click" library="Browser">
<arg>xpath=//a[contains(@class,"datepicker-cell")]//span[text()="${date}[2]"]</arg>
<tag>PageContent</tag>
<tag>Setter</tag>
<doc>Simulates mouse click on the element found by ``selector``.</doc>
<status status="PASS" starttime="20220517 13:02:52.827" endtime="20220517 13:02:52.887"/>
</kw>
<status status="PASS" starttime="20220517 13:02:50.567" endtime="20220517 13:02:52.887"/>
</kw>
<kw name="Fill Text" library="Browser">
<arg>id=insta</arg>
<arg>${user}[instagram]</arg>
<tag>PageContent</tag>
<tag>Setter</tag>
<doc>Clears and fills the given ``txt`` into the text field found by ``selector``.</doc>
<msg timestamp="20220517 13:02:52.888" level="INFO">Fills the text '@yoda' in the given field.</msg>
<status status="PASS" starttime="20220517 13:02:52.888" endtime="20220517 13:02:52.932"/>
</kw>
<status status="PASS" starttime="20220517 13:02:50.339" endtime="20220517 13:02:52.932"/>
</kw>
<kw name="Select Jedi" library="actions">
<arg>${user}[tipoJedi]</arg>
<kw name="Click" library="Browser">
<arg>xpath=//input[@value="${tipoJedi}"]/..//span[@class="check"]</arg>
<tag>PageContent</tag>
<tag>Setter</tag>
<doc>Simulates mouse click on the element found by ``selector``.</doc>
<status status="PASS" starttime="20220517 13:02:52.932" endtime="20220517 13:02:53.011"/>
</kw>
<status status="PASS" starttime="20220517 13:02:52.932" endtime="20220517 13:02:53.011"/>
</kw>
<kw name="Check Accept Comunications" library="actions">
<kw name="Click" library="Browser">
<arg>xpath=//input[@name="comunications"]/../span[@class="check"]</arg>
<tag>PageContent</tag>
<tag>Setter</tag>
<doc>Simulates mouse click on the element found by ``selector``.</doc>
<status status="PASS" starttime="20220517 13:02:53.012" endtime="20220517 13:02:53.125"/>
</kw>
<status status="PASS" starttime="20220517 13:02:53.012" endtime="20220517 13:02:53.125"/>
</kw>
<kw name="Submit User Form" library="actions">
<kw name="Click" library="Browser">
<arg>css=button &gt;&gt; text=Cadastrar</arg>
<tag>PageContent</tag>
<tag>Setter</tag>
<doc>Simulates mouse click on the element found by ``selector``.</doc>
<status status="PASS" starttime="20220517 13:02:53.126" endtime="20220517 13:02:53.342"/>
</kw>
<status status="PASS" starttime="20220517 13:02:53.125" endtime="20220517 13:02:53.343"/>
</kw>
<kw name="Toast Message Should Be" library="actions">
<arg>Usuário cadastrado com sucesso!</arg>
<kw name="Wait For Elements State" library="Browser">
<arg>css=.toast div &gt;&gt; text=${expected_message}</arg>
<arg>visible</arg>
<arg>5</arg>
<tag>PageContent</tag>
<tag>Wait</tag>
<doc>Waits for the element found by ``selector`` to satisfy state option.</doc>
<msg timestamp="20220517 13:02:53.354" level="INFO">Waited for Element with selector css=.toast div &gt;&gt; text=Usuário cadastrado com sucesso! at state visible</msg>
<status status="PASS" starttime="20220517 13:02:53.344" endtime="20220517 13:02:53.354"/>
</kw>
<status status="PASS" starttime="20220517 13:02:53.343" endtime="20220517 13:02:53.354"/>
</kw>
<kw name="Sleep" library="BuiltIn">
<arg>1</arg>
<doc>Pauses the test executed for the given time.</doc>
<msg timestamp="20220517 13:02:54.358" level="INFO">Slept 1 second</msg>
<status status="PASS" starttime="20220517 13:02:53.354" endtime="20220517 13:02:54.358"/>
</kw>
<kw name="End Session" library="base" type="TEARDOWN">
<kw name="Take Screenshot" library="Browser">
<tag>PageContent</tag>
<doc>Takes a screenshot of the current window or element and saves it to disk.</doc>
<msg timestamp="20220517 13:02:54.633" level="INFO" html="true">&lt;/td&gt;&lt;/tr&gt;&lt;tr&gt;&lt;td colspan="3"&gt;&lt;a href="browser/screenshot/robotframework-browser-screenshot-1.png"&gt;&lt;img src="browser/screenshot/robotframework-browser-screenshot-1.png" width="800px"&gt;&lt;/a&gt;</msg>
<status status="PASS" starttime="20220517 13:02:54.359" endtime="20220517 13:02:54.633"/>
</kw>
<status status="PASS" starttime="20220517 13:02:54.358" endtime="20220517 13:02:54.633"/>
</kw>
<tag>happy</tag>
<status status="PASS" starttime="20220517 13:02:45.100" endtime="20220517 13:02:54.633"/>
</test>
<test id="s1-t2" name="Email incorreto" line="28">
<kw name="Start Session" library="base" type="SETUP">
<kw name="New Browser" library="Browser">
<arg>chromium</arg>
<arg>headless=False</arg>
<arg>slowMo=00:00:00</arg>
<tag>BrowserControl</tag>
<tag>Setter</tag>
<doc>Create a new playwright Browser with specified options.</doc>
<msg timestamp="20220517 13:02:54.757" level="INFO">{"browser": "chromium", "headless": false, "handleSIGINT": true, "handleSIGTERM": true, "handleSIGHUP": true, "timeout": 30000.0, "devtools": false, "slowMo": 0.0, "tracesDir": "E:\\Projetos_robotFramework\\gravidadeZERO\\YODAPP\\logs\\browser\\traces\\63f39c9e-1c6f-4fe8-b516-89310fb96219"}</msg>
<msg timestamp="20220517 13:02:56.198" level="INFO">Successfully created browser with options: {"browser":"chromium","headless":false,"handleSIGINT":true,"handleSIGTERM":true,"handleSIGHUP":true,"timeout":30000,"devtools":false,"slowMo":0,"tracesDir":"E:\\Projetos_robotFramework\\gravidadeZERO\\YODAPP\\logs\\browser\\traces\\63f39c9e-1c6f-4fe8-b516-89310fb96219"}</msg>
<status status="PASS" starttime="20220517 13:02:54.756" endtime="20220517 13:02:56.199"/>
</kw>
<kw name="New Page" library="Browser">
<arg>https://yodapp-testing.vercel.app/</arg>
<tag>BrowserControl</tag>
<tag>Setter</tag>
<doc>Open a new Page.</doc>
<msg timestamp="20220517 13:02:58.665" level="INFO">Successfully initialized new page object and opened url: https://yodapp-testing.vercel.app/</msg>
<msg timestamp="20220517 13:02:58.665" level="INFO">No context was open. New context was automatically opened when this page is created.</msg>
<status status="PASS" starttime="20220517 13:02:56.199" endtime="20220517 13:02:58.665"/>
</kw>
<status status="PASS" starttime="20220517 13:02:54.755" endtime="20220517 13:02:58.666"/>
</kw>
<kw name="Factory Darth Vader" library="users">
<var>${user}</var>
<msg timestamp="20220517 13:02:58.666" level="INFO">${user} = {'name': 'Darth Vader', 'email': 'vader&amp;hotmail.com', 'ordem': 'Sith', 'birthDate': 'dezembro-1980-15', 'instagram': '@vader'}</msg>
<status status="PASS" starttime="20220517 13:02:58.666" endtime="20220517 13:02:58.666"/>
</kw>
<kw name="Go To User Form" library="actions">
<kw name="Click" library="Browser">
<arg>text=Novo</arg>
<tag>PageContent</tag>
<tag>Setter</tag>
<doc>Simulates mouse click on the element found by ``selector``.</doc>
<status status="PASS" starttime="20220517 13:02:58.667" endtime="20220517 13:02:58.813"/>
</kw>
<kw name="Wait For Elements State" library="Browser">
<arg>css=.card-header-title &gt;&gt; text=Cadastrar novo usuário</arg>
<arg>visible</arg>
<arg>5</arg>
<tag>PageContent</tag>
<tag>Wait</tag>
<doc>Waits for the element found by ``selector`` to satisfy state option.</doc>
<msg timestamp="20220517 13:02:59.144" level="INFO">Waited for Element with selector css=.card-header-title &gt;&gt; text=Cadastrar novo usuário at state visible</msg>
<status status="PASS" starttime="20220517 13:02:58.813" endtime="20220517 13:02:59.144"/>
</kw>
<status status="PASS" starttime="20220517 13:02:58.667" endtime="20220517 13:02:59.145"/>
</kw>
<kw name="Fill User Form" library="actions">
<arg>${user}</arg>
<kw name="Fill Text" library="Browser">
<arg>css=input[name="nome"]</arg>
<arg>${user}[name]</arg>
<tag>PageContent</tag>
<tag>Setter</tag>
<doc>Clears and fills the given ``txt`` into the text field found by ``selector``.</doc>
<msg timestamp="20220517 13:02:59.146" level="INFO">Fills the text 'Darth Vader' in the given field.</msg>
<status status="PASS" starttime="20220517 13:02:59.146" endtime="20220517 13:02:59.184"/>
</kw>
<kw name="Fill Text" library="Browser">
<arg>css=input[name="email"]</arg>
<arg>${user}[email]</arg>
<tag>PageContent</tag>
<tag>Setter</tag>
<doc>Clears and fills the given ``txt`` into the text field found by ``selector``.</doc>
<msg timestamp="20220517 13:02:59.186" level="INFO">Fills the text 'vader&amp;hotmail.com' in the given field.</msg>
<status status="PASS" starttime="20220517 13:02:59.185" endtime="20220517 13:02:59.224"/>
</kw>
<kw name="Select Options By" library="Browser">
<arg>css=.ordem select</arg>
<arg>text</arg>
<arg>${user}[ordem]</arg>
<tag>PageContent</tag>
<tag>Setter</tag>
<doc>Selects options from select element found by ``selector``.</doc>
<status status="PASS" starttime="20220517 13:02:59.224" endtime="20220517 13:02:59.318"/>
</kw>
<kw name="Select Birth Date" library="actions">
<arg>${user}[birthDate]</arg>
<kw name="Split String" library="String">
<var>@{date}</var>
<arg>${text_date}</arg>
<arg>-</arg>
<doc>Splits the ``string`` using ``separator`` as a delimiter string.</doc>
<msg timestamp="20220517 13:02:59.323" level="INFO">@{date} = [ dezembro | 1980 | 15 ]</msg>
<status status="PASS" starttime="20220517 13:02:59.322" endtime="20220517 13:02:59.323"/>
</kw>
<kw name="Click" library="Browser">
<arg>css=input[name="Data de nascimento"]</arg>
<tag>PageContent</tag>
<tag>Setter</tag>
<doc>Simulates mouse click on the element found by ``selector``.</doc>
<status status="PASS" starttime="20220517 13:02:59.323" endtime="20220517 13:02:59.548"/>
</kw>
<kw name="Select Options By" library="Browser">
<arg>xpath=(//header[@class="datepicker-header"]//select)[1]</arg>
<arg>text</arg>
<arg>${date}[0]</arg>
<tag>PageContent</tag>
<tag>Setter</tag>
<doc>Selects options from select element found by ``selector``.</doc>
<status status="PASS" starttime="20220517 13:02:59.548" endtime="20220517 13:02:59.833"/>
</kw>
<kw name="Select Options By" library="Browser">
<arg>xpath=(//header[@class="datepicker-header"]//select)[2]</arg>
<arg>value</arg>
<arg>${date}[1]</arg>
<tag>PageContent</tag>
<tag>Setter</tag>
<doc>Selects options from select element found by ``selector``.</doc>
<status status="PASS" starttime="20220517 13:02:59.833" endtime="20220517 13:03:01.684"/>
</kw>
<kw name="Click" library="Browser">
<arg>xpath=//a[contains(@class,"datepicker-cell")]//span[text()="${date}[2]"]</arg>
<tag>PageContent</tag>
<tag>Setter</tag>
<doc>Simulates mouse click on the element found by ``selector``.</doc>
<status status="PASS" starttime="20220517 13:03:01.765" endtime="20220517 13:03:01.837"/>
</kw>
<status status="PASS" starttime="20220517 13:02:59.319" endtime="20220517 13:03:01.838"/>
</kw>
<kw name="Fill Text" library="Browser">
<arg>id=insta</arg>
<arg>${user}[instagram]</arg>
<tag>PageContent</tag>
<tag>Setter</tag>
<doc>Clears and fills the given ``txt`` into the text field found by ``selector``.</doc>
<msg timestamp="20220517 13:03:01.838" level="INFO">Fills the text '@vader' in the given field.</msg>
<status status="PASS" starttime="20220517 13:03:01.838" endtime="20220517 13:03:01.886"/>
</kw>
<status status="PASS" starttime="20220517 13:02:59.145" endtime="20220517 13:03:01.886"/>
</kw>
<kw name="Check Accept Comunications" library="actions">
<kw name="Click" library="Browser">
<arg>xpath=//input[@name="comunications"]/../span[@class="check"]</arg>
<tag>PageContent</tag>
<tag>Setter</tag>
<doc>Simulates mouse click on the element found by ``selector``.</doc>
<status status="PASS" starttime="20220517 13:03:01.887" endtime="20220517 13:03:02.045"/>
</kw>
<status status="PASS" starttime="20220517 13:03:01.887" endtime="20220517 13:03:02.045"/>
</kw>
<kw name="Submit User Form" library="actions">
<kw name="Click" library="Browser">
<arg>css=button &gt;&gt; text=Cadastrar</arg>
<tag>PageContent</tag>
<tag>Setter</tag>
<doc>Simulates mouse click on the element found by ``selector``.</doc>
<status status="PASS" starttime="20220517 13:03:02.046" endtime="20220517 13:03:02.112"/>
</kw>
<status status="PASS" starttime="20220517 13:03:02.046" endtime="20220517 13:03:02.113"/>
</kw>
<kw name="Toast Message Should Be" library="actions">
<arg>Oops! O email é incorreto</arg>
<kw name="Wait For Elements State" library="Browser">
<arg>css=.toast div &gt;&gt; text=${expected_message}</arg>
<arg>visible</arg>
<arg>5</arg>
<tag>PageContent</tag>
<tag>Wait</tag>
<doc>Waits for the element found by ``selector`` to satisfy state option.</doc>
<msg timestamp="20220517 13:03:02.130" level="INFO">Waited for Element with selector css=.toast div &gt;&gt; text=Oops! O email é incorreto at state visible</msg>
<status status="PASS" starttime="20220517 13:03:02.113" endtime="20220517 13:03:02.130"/>
</kw>
<status status="PASS" starttime="20220517 13:03:02.113" endtime="20220517 13:03:02.130"/>
</kw>
<kw name="End Session" library="base" type="TEARDOWN">
<kw name="Take Screenshot" library="Browser">
<tag>PageContent</tag>
<doc>Takes a screenshot of the current window or element and saves it to disk.</doc>
<msg timestamp="20220517 13:03:02.460" level="INFO" html="true">&lt;/td&gt;&lt;/tr&gt;&lt;tr&gt;&lt;td colspan="3"&gt;&lt;a href="browser/screenshot/robotframework-browser-screenshot-2.png"&gt;&lt;img src="browser/screenshot/robotframework-browser-screenshot-2.png" width="800px"&gt;&lt;/a&gt;</msg>
<status status="PASS" starttime="20220517 13:03:02.131" endtime="20220517 13:03:02.460"/>
</kw>
<status status="PASS" starttime="20220517 13:03:02.131" endtime="20220517 13:03:02.460"/>
</kw>
<tag>inv_email</tag>
<status status="PASS" starttime="20220517 13:02:54.751" endtime="20220517 13:03:02.460"/>
</test>
<doc>Suite de testes do cadastro de personagens</doc>
<status status="PASS" starttime="20220517 13:02:43.747" endtime="20220517 13:03:02.564"/>
</suite>
<statistics>
<total>
<stat pass="2" fail="0" skip="0">All Tests</stat>
</total>
<tag>
<stat pass="1" fail="0" skip="0">happy</stat>
<stat pass="1" fail="0" skip="0">inv_email</stat>
</tag>
<suite>
<stat pass="2" fail="0" skip="0" id="s1" name="Cadastro">Cadastro</stat>
</suite>
</statistics>
<errors>
</errors>
</robot>
