<?xml version="1.0" encoding="UTF-8"?>
<robot generator="Robot 5.0 (Python 3.10.4 on win32)" generated="20220517 19:14:50.146" rpa="false" schemaversion="3">
<suite id="s1" name="Tests" source="E:\Projetos_robotFramework\gravidadeZERO\YODAPP\tests">
<suite id="s1-s1" name="Cadastro" source="E:\Projetos_robotFramework\gravidadeZERO\YODAPP\tests\cadastro.robot">
<test id="s1-s1-t1" name="Deve cadastrar um novo personagem" line="12">
<kw name="Start Session" library="base" type="SETUP">
<kw name="New Browser" library="Browser">
<arg>chromium</arg>
<arg>headless=False</arg>
<arg>slowMo=00:00:00</arg>
<tag>BrowserControl</tag>
<tag>Setter</tag>
<doc>Create a new playwright Browser with specified options.</doc>
<msg timestamp="20220517 19:14:51.549" level="INFO">{"browser": "chromium", "headless": false, "handleSIGINT": true, "handleSIGTERM": true, "handleSIGHUP": true, "timeout": 30000.0, "devtools": false, "slowMo": 0.0, "tracesDir": "E:\\Projetos_robotFramework\\gravidadeZERO\\YODAPP\\logs\\browser\\traces\\cfe483c9-a860-4e2f-a1e4-ee0d9df28a33"}</msg>
<msg timestamp="20220517 19:14:53.435" level="INFO">Successfully created browser with options: {"browser":"chromium","headless":false,"handleSIGINT":true,"handleSIGTERM":true,"handleSIGHUP":true,"timeout":30000,"devtools":false,"slowMo":0,"tracesDir":"E:\\Projetos_robotFramework\\gravidadeZERO\\YODAPP\\logs\\browser\\traces\\cfe483c9-a860-4e2f-a1e4-ee0d9df28a33"}</msg>
<status status="PASS" starttime="20220517 19:14:51.548" endtime="20220517 19:14:53.435"/>
</kw>
<kw name="New Page" library="Browser">
<arg>${BASE_URL}</arg>
<tag>BrowserControl</tag>
<tag>Setter</tag>
<doc>Open a new Page.</doc>
<msg timestamp="20220517 19:14:55.887" level="INFO">Successfully initialized new page object and opened url: https://yodapp-testing.vercel.app/</msg>
<msg timestamp="20220517 19:14:55.887" level="INFO">No context was open. New context was automatically opened when this page is created.</msg>
<status status="PASS" starttime="20220517 19:14:53.435" endtime="20220517 19:14:55.887"/>
</kw>
<status status="PASS" starttime="20220517 19:14:51.548" endtime="20220517 19:14:55.888"/>
</kw>
<kw name="Factory Yoda" library="users">
<var>${user}</var>
<msg timestamp="20220517 19:14:55.888" level="INFO">${user} = {'name': 'Mestre Yoda', 'email': 'yoda@jedi.com', 'ordem': 'Jedi', 'tipoJedi': 'Cavaleiro Jedi', 'birthDate': 'fevereiro-1970-20', 'instagram': '@yoda'}</msg>
<status status="PASS" starttime="20220517 19:14:55.888" endtime="20220517 19:14:55.888"/>
</kw>
<kw name="Go To User Form" library="actions">
<kw name="Click" library="Browser">
<arg>text=Novo</arg>
<tag>PageContent</tag>
<tag>Setter</tag>
<doc>Simulates mouse click on the element found by ``selector``.</doc>
<status status="PASS" starttime="20220517 19:14:55.890" endtime="20220517 19:14:56.059"/>
</kw>
<kw name="Wait For Elements State" library="Browser">
<arg>css=.card-header-title &gt;&gt; text=Cadastrar novo usuário</arg>
<arg>visible</arg>
<arg>5</arg>
<tag>PageContent</tag>
<tag>Wait</tag>
<doc>Waits for the element found by ``selector`` to satisfy state option.</doc>
<msg timestamp="20220517 19:14:56.346" level="INFO">Waited for Element with selector css=.card-header-title &gt;&gt; text=Cadastrar novo usuário at state visible</msg>
<status status="PASS" starttime="20220517 19:14:56.059" endtime="20220517 19:14:56.346"/>
</kw>
<status status="PASS" starttime="20220517 19:14:55.889" endtime="20220517 19:14:56.346"/>
</kw>
<kw name="Fill User Form" library="actions">
<arg>${user}</arg>
<kw name="Fill Text" library="Browser">
<arg>css=input[name="nome"]</arg>
<arg>${user}[name]</arg>
<tag>PageContent</tag>
<tag>Setter</tag>
<doc>Clears and fills the given ``txt`` into the text field found by ``selector``.</doc>
<msg timestamp="20220517 19:14:56.347" level="INFO">Fills the text 'Mestre Yoda' in the given field.</msg>
<status status="PASS" starttime="20220517 19:14:56.347" endtime="20220517 19:14:56.390"/>
</kw>
<kw name="Fill Text" library="Browser">
<arg>css=input[name="email"]</arg>
<arg>${user}[email]</arg>
<tag>PageContent</tag>
<tag>Setter</tag>
<doc>Clears and fills the given ``txt`` into the text field found by ``selector``.</doc>
<msg timestamp="20220517 19:14:56.391" level="INFO">Fills the text 'yoda@jedi.com' in the given field.</msg>
<status status="PASS" starttime="20220517 19:14:56.391" endtime="20220517 19:14:56.433"/>
</kw>
<kw name="Select Options By" library="Browser">
<arg>css=.ordem select</arg>
<arg>text</arg>
<arg>${user}[ordem]</arg>
<tag>PageContent</tag>
<tag>Setter</tag>
<doc>Selects options from select element found by ``selector``.</doc>
<status status="PASS" starttime="20220517 19:14:56.433" endtime="20220517 19:14:56.550"/>
</kw>
<kw name="Select Birth Date" library="actions">
<arg>${user}[birthDate]</arg>
<kw name="Split String" library="String">
<var>@{date}</var>
<arg>${text_date}</arg>
<arg>-</arg>
<doc>Splits the ``string`` using ``separator`` as a delimiter string.</doc>
<msg timestamp="20220517 19:14:56.552" level="INFO">@{date} = [ fevereiro | 1970 | 20 ]</msg>
<status status="PASS" starttime="20220517 19:14:56.551" endtime="20220517 19:14:56.552"/>
</kw>
<kw name="Click" library="Browser">
<arg>css=input[name="Data de nascimento"]</arg>
<tag>PageContent</tag>
<tag>Setter</tag>
<doc>Simulates mouse click on the element found by ``selector``.</doc>
<status status="PASS" starttime="20220517 19:14:56.552" endtime="20220517 19:14:56.752"/>
</kw>
<kw name="Select Options By" library="Browser">
<arg>xpath=(//header[@class="datepicker-header"]//select)[1]</arg>
<arg>text</arg>
<arg>${date}[0]</arg>
<tag>PageContent</tag>
<tag>Setter</tag>
<doc>Selects options from select element found by ``selector``.</doc>
<status status="PASS" starttime="20220517 19:14:56.752" endtime="20220517 19:14:57.015"/>
</kw>
<kw name="Select Options By" library="Browser">
<arg>xpath=(//header[@class="datepicker-header"]//select)[2]</arg>
<arg>value</arg>
<arg>${date}[1]</arg>
<tag>PageContent</tag>
<tag>Setter</tag>
<doc>Selects options from select element found by ``selector``.</doc>
<status status="PASS" starttime="20220517 19:14:57.015" endtime="20220517 19:14:58.740"/>
</kw>
<kw name="Click" library="Browser">
<arg>xpath=//a[contains(@class,"datepicker-cell")]//span[text()="${date}[2]"]</arg>
<tag>PageContent</tag>
<tag>Setter</tag>
<doc>Simulates mouse click on the element found by ``selector``.</doc>
<status status="PASS" starttime="20220517 19:14:58.740" endtime="20220517 19:14:58.795"/>
</kw>
<status status="PASS" starttime="20220517 19:14:56.550" endtime="20220517 19:14:58.795"/>
</kw>
<kw name="Fill Text" library="Browser">
<arg>id=insta</arg>
<arg>${user}[instagram]</arg>
<tag>PageContent</tag>
<tag>Setter</tag>
<doc>Clears and fills the given ``txt`` into the text field found by ``selector``.</doc>
<msg timestamp="20220517 19:14:58.796" level="INFO">Fills the text '@yoda' in the given field.</msg>
<status status="PASS" starttime="20220517 19:14:58.795" endtime="20220517 19:14:58.832"/>
</kw>
<status status="PASS" starttime="20220517 19:14:56.346" endtime="20220517 19:14:58.832"/>
</kw>
<kw name="Select Jedi" library="actions">
<arg>${user}[tipoJedi]</arg>
<kw name="Click" library="Browser">
<arg>xpath=//input[@value="${tipoJedi}"]/..//span[@class="check"]</arg>
<tag>PageContent</tag>
<tag>Setter</tag>
<doc>Simulates mouse click on the element found by ``selector``.</doc>
<status status="PASS" starttime="20220517 19:14:58.833" endtime="20220517 19:14:58.892"/>
</kw>
<status status="PASS" starttime="20220517 19:14:58.832" endtime="20220517 19:14:58.893"/>
</kw>
<kw name="Check Accept Comunications" library="actions">
<kw name="Click" library="Browser">
<arg>xpath=//input[@name="comunications"]/../span[@class="check"]</arg>
<tag>PageContent</tag>
<tag>Setter</tag>
<doc>Simulates mouse click on the element found by ``selector``.</doc>
<status status="PASS" starttime="20220517 19:14:58.894" endtime="20220517 19:14:58.986"/>
</kw>
<status status="PASS" starttime="20220517 19:14:58.893" endtime="20220517 19:14:58.986"/>
</kw>
<kw name="Submit User Form" library="actions">
<kw name="Click" library="Browser">
<arg>css=button &gt;&gt; text=Cadastrar</arg>
<tag>PageContent</tag>
<tag>Setter</tag>
<doc>Simulates mouse click on the element found by ``selector``.</doc>
<status status="PASS" starttime="20220517 19:14:58.987" endtime="20220517 19:14:59.059"/>
</kw>
<status status="PASS" starttime="20220517 19:14:58.987" endtime="20220517 19:14:59.060"/>
</kw>
<kw name="Toast Message Should Be" library="actions">
<arg>Usuário cadastrado com sucesso!</arg>
<kw name="Set Variable" library="BuiltIn">
<var>${element}</var>
<arg>css=.toast div</arg>
<doc>Returns the given values which can then be assigned to a variables.</doc>
<msg timestamp="20220517 19:14:59.061" level="INFO">${element} = css=.toast div</msg>
<status status="PASS" starttime="20220517 19:14:59.060" endtime="20220517 19:14:59.061"/>
</kw>
<kw name="Wait For Elements State" library="Browser">
<arg>${element}</arg>
<arg>visible</arg>
<arg>5</arg>
<tag>PageContent</tag>
<tag>Wait</tag>
<doc>Waits for the element found by ``selector`` to satisfy state option.</doc>
<msg timestamp="20220517 19:14:59.107" level="INFO">Waited for Element with selector css=.toast div at state visible</msg>
<status status="PASS" starttime="20220517 19:14:59.061" endtime="20220517 19:14:59.107"/>
</kw>
<kw name="Get Text" library="Browser">
<arg>${element}</arg>
<arg>equal</arg>
<arg>${expected_message}</arg>
<tag>Assertion</tag>
<tag>Getter</tag>
<tag>PageContent</tag>
<doc>Returns text attribute of the element found by ``selector``.</doc>
<status status="PASS" starttime="20220517 19:14:59.108" endtime="20220517 19:14:59.130"/>
</kw>
<status status="PASS" starttime="20220517 19:14:59.060" endtime="20220517 19:14:59.131"/>
</kw>
<kw name="Go To Home Page" library="actions">
<kw name="Go To" library="Browser">
<arg>${BASE_URL}</arg>
<tag>BrowserControl</tag>
<tag>Setter</tag>
<doc>Navigates to the given ``url``.</doc>
<msg timestamp="20220517 19:14:59.424" level="INFO">Successfully opened URL https://yodapp-testing.vercel.app/</msg>
<status status="PASS" starttime="20220517 19:14:59.131" endtime="20220517 19:14:59.424"/>
</kw>
<kw name="Wait For Elements State" library="Browser">
<arg>css=.carousel</arg>
<arg>visible</arg>
<arg>5</arg>
<tag>PageContent</tag>
<tag>Wait</tag>
<doc>Waits for the element found by ``selector`` to satisfy state option.</doc>
<msg timestamp="20220517 19:14:59.442" level="INFO">Waited for Element with selector css=.carousel at state visible</msg>
<status status="PASS" starttime="20220517 19:14:59.424" endtime="20220517 19:14:59.442"/>
</kw>
<status status="PASS" starttime="20220517 19:14:59.131" endtime="20220517 19:14:59.442"/>
</kw>
<kw name="User Should Be Visible" library="actions">
<arg>${user}</arg>
<kw name="Set Variable" library="BuiltIn">
<var>${element}</var>
<arg>xpath=//td[contains(text(),"${user}[email]")]/..</arg>
<doc>Returns the given values which can then be assigned to a variables.</doc>
<msg timestamp="20220517 19:14:59.443" level="INFO">${element} = xpath=//td[contains(text(),"yoda@jedi.com")]/..</msg>
<status status="PASS" starttime="20220517 19:14:59.443" endtime="20220517 19:14:59.443"/>
</kw>
<kw name="Wait For Elements State" library="Browser">
<arg>${element}</arg>
<arg>visible</arg>
<arg>5</arg>
<tag>PageContent</tag>
<tag>Wait</tag>
<doc>Waits for the element found by ``selector`` to satisfy state option.</doc>
<msg timestamp="20220517 19:14:59.455" level="INFO">Waited for Element with selector xpath=//td[contains(text(),"yoda@jedi.com")]/.. at state visible</msg>
<status status="PASS" starttime="20220517 19:14:59.443" endtime="20220517 19:14:59.455"/>
</kw>
<kw name="Get Text" library="Browser">
<arg>${element}</arg>
<arg>contains</arg>
<arg>${user}[name]</arg>
<tag>Assertion</tag>
<tag>Getter</tag>
<tag>PageContent</tag>
<doc>Returns text attribute of the element found by ``selector``.</doc>
<status status="PASS" starttime="20220517 19:14:59.456" endtime="20220517 19:14:59.477"/>
</kw>
<kw name="Get Text" library="Browser">
<arg>${element}</arg>
<arg>contains</arg>
<arg>${user}[instagram]</arg>
<tag>Assertion</tag>
<tag>Getter</tag>
<tag>PageContent</tag>
<doc>Returns text attribute of the element found by ``selector``.</doc>
<status status="PASS" starttime="20220517 19:14:59.477" endtime="20220517 19:14:59.498"/>
</kw>
<status status="PASS" starttime="20220517 19:14:59.442" endtime="20220517 19:14:59.498"/>
</kw>
<kw name="Sleep" library="BuiltIn">
<arg>1</arg>
<doc>Pauses the test executed for the given time.</doc>
<msg timestamp="20220517 19:15:00.505" level="INFO">Slept 1 second</msg>
<status status="PASS" starttime="20220517 19:14:59.498" endtime="20220517 19:15:00.505"/>
</kw>
<kw name="End Session" library="base" type="TEARDOWN">
<kw name="Take Screenshot" library="Browser">
<tag>PageContent</tag>
<doc>Takes a screenshot of the current window or element and saves it to disk.</doc>
<msg timestamp="20220517 19:15:00.816" level="INFO" html="true">&lt;/td&gt;&lt;/tr&gt;&lt;tr&gt;&lt;td colspan="3"&gt;&lt;a href="browser/screenshot/robotframework-browser-screenshot-1.png"&gt;&lt;img src="browser/screenshot/robotframework-browser-screenshot-1.png" width="800px"&gt;&lt;/a&gt;</msg>
<status status="PASS" starttime="20220517 19:15:00.505" endtime="20220517 19:15:00.817"/>
</kw>
<status status="PASS" starttime="20220517 19:15:00.505" endtime="20220517 19:15:00.818"/>
</kw>
<tag>happy</tag>
<status status="PASS" starttime="20220517 19:14:51.545" endtime="20220517 19:15:00.818"/>
</test>
<doc>Suite de testes do cadastro de personagens</doc>
<status status="PASS" starttime="20220517 19:14:50.184" endtime="20220517 19:15:00.910"/>
</suite>
<status status="PASS" starttime="20220517 19:14:50.149" endtime="20220517 19:15:00.915"/>
</suite>
<statistics>
<total>
<stat pass="1" fail="0" skip="0">All Tests</stat>
</total>
<tag>
<stat pass="1" fail="0" skip="0">happy</stat>
</tag>
<suite>
<stat pass="1" fail="0" skip="0" id="s1" name="Tests">Tests</stat>
<stat pass="1" fail="0" skip="0" id="s1-s1" name="Cadastro">Tests.Cadastro</stat>
</suite>
</statistics>
<errors>
</errors>
</robot>
