<?xml version="1.0" encoding="UTF-8"?>
<robot generator="Robot 5.0 (Python 3.10.4 on win32)" generated="20220517 08:11:49.700" rpa="false" schemaversion="3">
<suite id="s1" name="Cadastro" source="E:\Projetos_robotFramework\gravidadeZERO\YODAPP\tests\cadastro.robot">
<test id="s1-t1" name="Deve cadastrar um novo personagem" line="10">
<kw name="Start Session" library="base" type="SETUP">
<kw name="New Browser" library="Browser">
<arg>chromium</arg>
<arg>headless=False</arg>
<arg>slowMo=00:00:00</arg>
<tag>BrowserControl</tag>
<tag>Setter</tag>
<doc>Create a new playwright Browser with specified options.</doc>
<msg timestamp="20220517 08:11:51.068" level="INFO">{"browser": "chromium", "headless": false, "handleSIGINT": true, "handleSIGTERM": true, "handleSIGHUP": true, "timeout": 30000.0, "devtools": false, "slowMo": 0.0, "tracesDir": "E:\\Projetos_robotFramework\\gravidadeZERO\\YODAPP\\logs\\browser\\traces\\c48d10da-a73b-47f0-84af-2d221776e4fa"}</msg>
<msg timestamp="20220517 08:11:52.444" level="INFO">Successfully created browser with options: {"browser":"chromium","headless":false,"handleSIGINT":true,"handleSIGTERM":true,"handleSIGHUP":true,"timeout":30000,"devtools":false,"slowMo":0,"tracesDir":"E:\\Projetos_robotFramework\\gravidadeZERO\\YODAPP\\logs\\browser\\traces\\c48d10da-a73b-47f0-84af-2d221776e4fa"}</msg>
<status status="PASS" starttime="20220517 08:11:51.068" endtime="20220517 08:11:52.444"/>
</kw>
<kw name="New Page" library="Browser">
<arg>https://yodapp-testing.vercel.app/</arg>
<tag>BrowserControl</tag>
<tag>Setter</tag>
<doc>Open a new Page.</doc>
<msg timestamp="20220517 08:11:55.467" level="INFO">Successfully initialized new page object and opened url: https://yodapp-testing.vercel.app/</msg>
<msg timestamp="20220517 08:11:55.467" level="INFO">No context was open. New context was automatically opened when this page is created.</msg>
<status status="PASS" starttime="20220517 08:11:52.449" endtime="20220517 08:11:55.467"/>
</kw>
<status status="PASS" starttime="20220517 08:11:51.067" endtime="20220517 08:11:55.468"/>
</kw>
<kw name="Create Dictionary" library="BuiltIn">
<var>&amp;{user}</var>
<arg>name=Mestre Yoada</arg>
<arg>email=yoda@jedi.com</arg>
<arg>ordem=Jedi</arg>
<arg>tipoJedi=Cavaleiro Jedi</arg>
<arg>birthDate=fevereiro-1970-20</arg>
<arg>instagram=@ioda</arg>
<doc>Creates and returns a dictionary based on the given ``items``.</doc>
<msg timestamp="20220517 08:11:55.469" level="INFO">&amp;{user} = { name=Mestre Yoada | email=yoda@jedi.com | ordem=Jedi | tipoJedi=Cavaleiro Jedi | birthDate=fevereiro-1970-20 | instagram=@ioda }</msg>
<status status="PASS" starttime="20220517 08:11:55.468" endtime="20220517 08:11:55.469"/>
</kw>
<kw name="Go To User Form" library="actions">
<kw name="Click" library="Browser">
<arg>text=Novo</arg>
<tag>PageContent</tag>
<tag>Setter</tag>
<doc>Simulates mouse click on the element found by ``selector``.</doc>
<status status="PASS" starttime="20220517 08:11:55.470" endtime="20220517 08:11:55.759"/>
</kw>
<kw name="Wait For Elements State" library="Browser">
<arg>css=.card-header-title &gt;&gt; text=Cadastrar novo usuário</arg>
<arg>visible</arg>
<arg>5</arg>
<tag>PageContent</tag>
<tag>Wait</tag>
<doc>Waits for the element found by ``selector`` to satisfy state option.</doc>
<msg timestamp="20220517 08:11:56.137" level="INFO">Waited for Element with selector css=.card-header-title &gt;&gt; text=Cadastrar novo usuário at state visible</msg>
<status status="PASS" starttime="20220517 08:11:55.759" endtime="20220517 08:11:56.137"/>
</kw>
<status status="PASS" starttime="20220517 08:11:55.470" endtime="20220517 08:11:56.138"/>
</kw>
<kw name="Fill User Form" library="actions">
<arg>${user}</arg>
<kw name="Fill Text" library="Browser">
<arg>css=input[name="nome"]</arg>
<arg>${user}[name]</arg>
<tag>PageContent</tag>
<tag>Setter</tag>
<doc>Clears and fills the given ``txt`` into the text field found by ``selector``.</doc>
<msg timestamp="20220517 08:11:56.139" level="INFO">Fills the text 'Mestre Yoada' in the given field.</msg>
<status status="PASS" starttime="20220517 08:11:56.138" endtime="20220517 08:11:56.182"/>
</kw>
<kw name="Fill Text" library="Browser">
<arg>css=input[name="email"]</arg>
<arg>${user}[email]</arg>
<tag>PageContent</tag>
<tag>Setter</tag>
<doc>Clears and fills the given ``txt`` into the text field found by ``selector``.</doc>
<msg timestamp="20220517 08:11:56.183" level="INFO">Fills the text 'yoda@jedi.com' in the given field.</msg>
<status status="PASS" starttime="20220517 08:11:56.182" endtime="20220517 08:11:56.216"/>
</kw>
<kw name="Select Options By" library="Browser">
<arg>css=.ordem select</arg>
<arg>text</arg>
<arg>${user}[ordem]</arg>
<tag>PageContent</tag>
<tag>Setter</tag>
<doc>Selects options from select element found by ``selector``.</doc>
<status status="PASS" starttime="20220517 08:11:56.217" endtime="20220517 08:11:56.318"/>
</kw>
<kw name="Select Birth Date" library="actions">
<arg>${user}[birthDate]</arg>
<kw name="Split String" library="String">
<var>@{date}</var>
<arg>${text_date}</arg>
<arg>-</arg>
<doc>Splits the ``string`` using ``separator`` as a delimiter string.</doc>
<msg timestamp="20220517 08:11:56.320" level="INFO">@{date} = [ fevereiro | 1970 | 20 ]</msg>
<status status="PASS" starttime="20220517 08:11:56.319" endtime="20220517 08:11:56.320"/>
</kw>
<kw name="Click" library="Browser">
<arg>css=input[name="Data de nascimento"]</arg>
<tag>PageContent</tag>
<tag>Setter</tag>
<doc>Simulates mouse click on the element found by ``selector``.</doc>
<status status="PASS" starttime="20220517 08:11:56.320" endtime="20220517 08:11:56.516"/>
</kw>
<kw name="Select Options By" library="Browser">
<arg>xpath=(//header[@class="datepicker-header"]//select)[1]</arg>
<arg>text</arg>
<arg>${date}[0]</arg>
<tag>PageContent</tag>
<tag>Setter</tag>
<doc>Selects options from select element found by ``selector``.</doc>
<status status="PASS" starttime="20220517 08:11:56.516" endtime="20220517 08:11:56.769"/>
</kw>
<kw name="Select Options By" library="Browser">
<arg>xpath=(//header[@class="datepicker-header"]//select)[2]</arg>
<arg>value</arg>
<arg>${date}[1]</arg>
<tag>PageContent</tag>
<tag>Setter</tag>
<doc>Selects options from select element found by ``selector``.</doc>
<status status="PASS" starttime="20220517 08:11:56.769" endtime="20220517 08:11:58.393"/>
</kw>
<kw name="Click" library="Browser">
<arg>xpath=//a[contains(@class,"datepicker-cell")]//span[text()="${date}[2]"]</arg>
<tag>PageContent</tag>
<tag>Setter</tag>
<doc>Simulates mouse click on the element found by ``selector``.</doc>
<status status="PASS" starttime="20220517 08:11:58.393" endtime="20220517 08:11:58.459"/>
</kw>
<status status="PASS" starttime="20220517 08:11:56.318" endtime="20220517 08:11:58.459"/>
</kw>
<kw name="Fill Text" library="Browser">
<arg>id=insta</arg>
<arg>${user}[instagram]</arg>
<tag>PageContent</tag>
<tag>Setter</tag>
<doc>Clears and fills the given ``txt`` into the text field found by ``selector``.</doc>
<msg timestamp="20220517 08:11:58.460" level="INFO">Fills the text '@ioda' in the given field.</msg>
<status status="PASS" starttime="20220517 08:11:58.459" endtime="20220517 08:11:58.501"/>
</kw>
<status status="PASS" starttime="20220517 08:11:56.138" endtime="20220517 08:11:58.501"/>
</kw>
<kw name="Select Jedi" library="actions">
<arg>${user}[tipoJedi]</arg>
<kw name="Click" library="Browser">
<arg>xpath=//input[@value="${tipoJedi}"]/..//span[@class="check"]</arg>
<tag>PageContent</tag>
<tag>Setter</tag>
<doc>Simulates mouse click on the element found by ``selector``.</doc>
<status status="PASS" starttime="20220517 08:11:58.502" endtime="20220517 08:11:58.563"/>
</kw>
<status status="PASS" starttime="20220517 08:11:58.501" endtime="20220517 08:11:58.564"/>
</kw>
<kw name="Check Accept Comunications" library="actions">
<kw name="Click" library="Browser">
<arg>xpath=//input[@name="comunications"]/../span[@class="check"]</arg>
<tag>PageContent</tag>
<tag>Setter</tag>
<doc>Simulates mouse click on the element found by ``selector``.</doc>
<status status="PASS" starttime="20220517 08:11:58.564" endtime="20220517 08:11:58.649"/>
</kw>
<status status="PASS" starttime="20220517 08:11:58.564" endtime="20220517 08:11:58.650"/>
</kw>
<kw name="Submit User Form" library="actions">
<kw name="Click" library="Browser">
<arg>css=button &gt;&gt; text=Cadastrar</arg>
<tag>PageContent</tag>
<tag>Setter</tag>
<doc>Simulates mouse click on the element found by ``selector``.</doc>
<status status="PASS" starttime="20220517 08:11:58.650" endtime="20220517 08:11:58.728"/>
</kw>
<status status="PASS" starttime="20220517 08:11:58.650" endtime="20220517 08:11:58.728"/>
</kw>
<kw name="Toast Message Should Be" library="actions">
<arg>Usuário cadastrado com sucesso!</arg>
<kw name="Wait For Elements State" library="Browser">
<arg>css=.toast div &gt;&gt; text=${expected_message}</arg>
<arg>visible</arg>
<arg>5</arg>
<tag>PageContent</tag>
<tag>Wait</tag>
<doc>Waits for the element found by ``selector`` to satisfy state option.</doc>
<msg timestamp="20220517 08:11:58.743" level="INFO">Waited for Element with selector css=.toast div &gt;&gt; text=Usuário cadastrado com sucesso! at state visible</msg>
<status status="PASS" starttime="20220517 08:11:58.728" endtime="20220517 08:11:58.744"/>
</kw>
<status status="PASS" starttime="20220517 08:11:58.728" endtime="20220517 08:11:58.745"/>
</kw>
<kw name="Sleep" library="BuiltIn">
<arg>1</arg>
<doc>Pauses the test executed for the given time.</doc>
<msg timestamp="20220517 08:11:59.750" level="INFO">Slept 1 second</msg>
<status status="PASS" starttime="20220517 08:11:58.745" endtime="20220517 08:11:59.750"/>
</kw>
<kw name="End Session" library="base" type="TEARDOWN">
<kw name="Take Screenshot" library="Browser">
<tag>PageContent</tag>
<doc>Takes a screenshot of the current window or element and saves it to disk.</doc>
<msg timestamp="20220517 08:12:00.073" level="INFO" html="true">&lt;/td&gt;&lt;/tr&gt;&lt;tr&gt;&lt;td colspan="3"&gt;&lt;a href="browser/screenshot/robotframework-browser-screenshot-1.png"&gt;&lt;img src="browser/screenshot/robotframework-browser-screenshot-1.png" width="800px"&gt;&lt;/a&gt;</msg>
<status status="PASS" starttime="20220517 08:11:59.751" endtime="20220517 08:12:00.073"/>
</kw>
<status status="PASS" starttime="20220517 08:11:59.751" endtime="20220517 08:12:00.073"/>
</kw>
<tag>happy</tag>
<status status="PASS" starttime="20220517 08:11:51.065" endtime="20220517 08:12:00.073"/>
</test>
<test id="s1-t2" name="Email incorreto" line="32">
<kw name="Start Session" library="base" type="SETUP">
<kw name="New Browser" library="Browser">
<arg>chromium</arg>
<arg>headless=False</arg>
<arg>slowMo=00:00:00</arg>
<tag>BrowserControl</tag>
<tag>Setter</tag>
<doc>Create a new playwright Browser with specified options.</doc>
<msg timestamp="20220517 08:12:00.168" level="INFO">{"browser": "chromium", "headless": false, "handleSIGINT": true, "handleSIGTERM": true, "handleSIGHUP": true, "timeout": 30000.0, "devtools": false, "slowMo": 0.0, "tracesDir": "E:\\Projetos_robotFramework\\gravidadeZERO\\YODAPP\\logs\\browser\\traces\\8e6219b1-204e-4bd0-8ae2-a98a82d4932e"}</msg>
<msg timestamp="20220517 08:12:01.602" level="INFO">Successfully created browser with options: {"browser":"chromium","headless":false,"handleSIGINT":true,"handleSIGTERM":true,"handleSIGHUP":true,"timeout":30000,"devtools":false,"slowMo":0,"tracesDir":"E:\\Projetos_robotFramework\\gravidadeZERO\\YODAPP\\logs\\browser\\traces\\8e6219b1-204e-4bd0-8ae2-a98a82d4932e"}</msg>
<status status="PASS" starttime="20220517 08:12:00.167" endtime="20220517 08:12:01.602"/>
</kw>
<kw name="New Page" library="Browser">
<arg>https://yodapp-testing.vercel.app/</arg>
<tag>BrowserControl</tag>
<tag>Setter</tag>
<doc>Open a new Page.</doc>
<msg timestamp="20220517 08:12:03.895" level="INFO">Successfully initialized new page object and opened url: https://yodapp-testing.vercel.app/</msg>
<msg timestamp="20220517 08:12:03.896" level="INFO">No context was open. New context was automatically opened when this page is created.</msg>
<status status="PASS" starttime="20220517 08:12:01.602" endtime="20220517 08:12:03.896"/>
</kw>
<status status="PASS" starttime="20220517 08:12:00.167" endtime="20220517 08:12:03.897"/>
</kw>
<kw name="Create Dictionary" library="BuiltIn">
<var>&amp;{user}</var>
<arg>name=Dart Vader</arg>
<arg>email=vader&amp;hotmail.com</arg>
<arg>ordem=Sith</arg>
<arg>birthDate=dezembro-1980-15</arg>
<arg>instagram=@vader</arg>
<doc>Creates and returns a dictionary based on the given ``items``.</doc>
<msg timestamp="20220517 08:12:03.898" level="INFO">&amp;{user} = { name=Dart Vader | email=vader&amp;hotmail.com | ordem=Sith | birthDate=dezembro-1980-15 | instagram=@vader }</msg>
<status status="PASS" starttime="20220517 08:12:03.897" endtime="20220517 08:12:03.898"/>
</kw>
<kw name="Go To User Form" library="actions">
<kw name="Click" library="Browser">
<arg>text=Novo</arg>
<tag>PageContent</tag>
<tag>Setter</tag>
<doc>Simulates mouse click on the element found by ``selector``.</doc>
<status status="PASS" starttime="20220517 08:12:03.901" endtime="20220517 08:12:04.077"/>
</kw>
<kw name="Wait For Elements State" library="Browser">
<arg>css=.card-header-title &gt;&gt; text=Cadastrar novo usuário</arg>
<arg>visible</arg>
<arg>5</arg>
<tag>PageContent</tag>
<tag>Wait</tag>
<doc>Waits for the element found by ``selector`` to satisfy state option.</doc>
<msg timestamp="20220517 08:12:04.376" level="INFO">Waited for Element with selector css=.card-header-title &gt;&gt; text=Cadastrar novo usuário at state visible</msg>
<status status="PASS" starttime="20220517 08:12:04.077" endtime="20220517 08:12:04.376"/>
</kw>
<status status="PASS" starttime="20220517 08:12:03.899" endtime="20220517 08:12:04.376"/>
</kw>
<kw name="Fill User Form" library="actions">
<arg>${user}</arg>
<kw name="Fill Text" library="Browser">
<arg>css=input[name="nome"]</arg>
<arg>${user}[name]</arg>
<tag>PageContent</tag>
<tag>Setter</tag>
<doc>Clears and fills the given ``txt`` into the text field found by ``selector``.</doc>
<msg timestamp="20220517 08:12:04.380" level="INFO">Fills the text 'Dart Vader' in the given field.</msg>
<status status="PASS" starttime="20220517 08:12:04.380" endtime="20220517 08:12:04.416"/>
</kw>
<kw name="Fill Text" library="Browser">
<arg>css=input[name="email"]</arg>
<arg>${user}[email]</arg>
<tag>PageContent</tag>
<tag>Setter</tag>
<doc>Clears and fills the given ``txt`` into the text field found by ``selector``.</doc>
<msg timestamp="20220517 08:12:04.417" level="INFO">Fills the text 'vader&amp;hotmail.com' in the given field.</msg>
<status status="PASS" starttime="20220517 08:12:04.416" endtime="20220517 08:12:04.454"/>
</kw>
<kw name="Select Options By" library="Browser">
<arg>css=.ordem select</arg>
<arg>text</arg>
<arg>${user}[ordem]</arg>
<tag>PageContent</tag>
<tag>Setter</tag>
<doc>Selects options from select element found by ``selector``.</doc>
<status status="PASS" starttime="20220517 08:12:04.454" endtime="20220517 08:12:04.539"/>
</kw>
<kw name="Select Birth Date" library="actions">
<arg>${user}[birthDate]</arg>
<kw name="Split String" library="String">
<var>@{date}</var>
<arg>${text_date}</arg>
<arg>-</arg>
<doc>Splits the ``string`` using ``separator`` as a delimiter string.</doc>
<msg timestamp="20220517 08:12:04.540" level="INFO">@{date} = [ dezembro | 1980 | 15 ]</msg>
<status status="PASS" starttime="20220517 08:12:04.540" endtime="20220517 08:12:04.540"/>
</kw>
<kw name="Click" library="Browser">
<arg>css=input[name="Data de nascimento"]</arg>
<tag>PageContent</tag>
<tag>Setter</tag>
<doc>Simulates mouse click on the element found by ``selector``.</doc>
<status status="PASS" starttime="20220517 08:12:04.540" endtime="20220517 08:12:04.735"/>
</kw>
<kw name="Select Options By" library="Browser">
<arg>xpath=(//header[@class="datepicker-header"]//select)[1]</arg>
<arg>text</arg>
<arg>${date}[0]</arg>
<tag>PageContent</tag>
<tag>Setter</tag>
<doc>Selects options from select element found by ``selector``.</doc>
<status status="PASS" starttime="20220517 08:12:04.736" endtime="20220517 08:12:04.973"/>
</kw>
<kw name="Select Options By" library="Browser">
<arg>xpath=(//header[@class="datepicker-header"]//select)[2]</arg>
<arg>value</arg>
<arg>${date}[1]</arg>
<tag>PageContent</tag>
<tag>Setter</tag>
<doc>Selects options from select element found by ``selector``.</doc>
<status status="PASS" starttime="20220517 08:12:04.973" endtime="20220517 08:12:06.545"/>
</kw>
<kw name="Click" library="Browser">
<arg>xpath=//a[contains(@class,"datepicker-cell")]//span[text()="${date}[2]"]</arg>
<tag>PageContent</tag>
<tag>Setter</tag>
<doc>Simulates mouse click on the element found by ``selector``.</doc>
<status status="PASS" starttime="20220517 08:12:06.545" endtime="20220517 08:12:06.606"/>
</kw>
<status status="PASS" starttime="20220517 08:12:04.540" endtime="20220517 08:12:06.606"/>
</kw>
<kw name="Fill Text" library="Browser">
<arg>id=insta</arg>
<arg>${user}[instagram]</arg>
<tag>PageContent</tag>
<tag>Setter</tag>
<doc>Clears and fills the given ``txt`` into the text field found by ``selector``.</doc>
<msg timestamp="20220517 08:12:06.607" level="INFO">Fills the text '@vader' in the given field.</msg>
<status status="PASS" starttime="20220517 08:12:06.606" endtime="20220517 08:12:06.641"/>
</kw>
<status status="PASS" starttime="20220517 08:12:04.376" endtime="20220517 08:12:06.641"/>
</kw>
<kw name="Check Accept Comunications" library="actions">
<kw name="Click" library="Browser">
<arg>xpath=//input[@name="comunications"]/../span[@class="check"]</arg>
<tag>PageContent</tag>
<tag>Setter</tag>
<doc>Simulates mouse click on the element found by ``selector``.</doc>
<status status="PASS" starttime="20220517 08:12:06.642" endtime="20220517 08:12:06.810"/>
</kw>
<status status="PASS" starttime="20220517 08:12:06.641" endtime="20220517 08:12:06.810"/>
</kw>
<kw name="Submit User Form" library="actions">
<kw name="Click" library="Browser">
<arg>css=button &gt;&gt; text=Cadastrar</arg>
<tag>PageContent</tag>
<tag>Setter</tag>
<doc>Simulates mouse click on the element found by ``selector``.</doc>
<status status="PASS" starttime="20220517 08:12:06.811" endtime="20220517 08:12:06.877"/>
</kw>
<status status="PASS" starttime="20220517 08:12:06.810" endtime="20220517 08:12:06.877"/>
</kw>
<kw name="Toast Message Should Be" library="actions">
<arg>Oops! O email é incorreto</arg>
<kw name="Wait For Elements State" library="Browser">
<arg>css=.toast div &gt;&gt; text=${expected_message}</arg>
<arg>visible</arg>
<arg>5</arg>
<tag>PageContent</tag>
<tag>Wait</tag>
<doc>Waits for the element found by ``selector`` to satisfy state option.</doc>
<msg timestamp="20220517 08:12:06.892" level="INFO">Waited for Element with selector css=.toast div &gt;&gt; text=Oops! O email é incorreto at state visible</msg>
<status status="PASS" starttime="20220517 08:12:06.878" endtime="20220517 08:12:06.892"/>
</kw>
<status status="PASS" starttime="20220517 08:12:06.877" endtime="20220517 08:12:06.892"/>
</kw>
<kw name="End Session" library="base" type="TEARDOWN">
<kw name="Take Screenshot" library="Browser">
<tag>PageContent</tag>
<doc>Takes a screenshot of the current window or element and saves it to disk.</doc>
<msg timestamp="20220517 08:12:07.215" level="INFO" html="true">&lt;/td&gt;&lt;/tr&gt;&lt;tr&gt;&lt;td colspan="3"&gt;&lt;a href="browser/screenshot/robotframework-browser-screenshot-2.png"&gt;&lt;img src="browser/screenshot/robotframework-browser-screenshot-2.png" width="800px"&gt;&lt;/a&gt;</msg>
<status status="PASS" starttime="20220517 08:12:06.893" endtime="20220517 08:12:07.215"/>
</kw>
<status status="PASS" starttime="20220517 08:12:06.893" endtime="20220517 08:12:07.216"/>
</kw>
<tag>inv_email</tag>
<status status="PASS" starttime="20220517 08:12:00.163" endtime="20220517 08:12:07.216"/>
</test>
<doc>Suite de testes do cadastro de personagens</doc>
<status status="PASS" starttime="20220517 08:11:49.702" endtime="20220517 08:12:07.302"/>
</suite>
<statistics>
<total>
<stat pass="2" fail="0" skip="0">All Tests</stat>
</total>
<tag>
<stat pass="1" fail="0" skip="0">happy</stat>
<stat pass="1" fail="0" skip="0">inv_email</stat>
</tag>
<suite>
<stat pass="2" fail="0" skip="0" id="s1" name="Cadastro">Cadastro</stat>
</suite>
</statistics>
<errors>
</errors>
</robot>
