<?xml version="1.0" encoding="UTF-8"?>
<robot generator="Robot 5.0 (Python 3.10.4 on win32)" generated="20220516 20:33:15.720" rpa="false" schemaversion="3">
<suite id="s1" name="Tests" source="E:\Projetos_robotFramework\gravidadeZERO\YODAPP\tests">
<suite id="s1-s1" name="Cadastro" source="E:\Projetos_robotFramework\gravidadeZERO\YODAPP\tests\cadastro.robot">
<test id="s1-s1-t1" name="Deve cadastrar um novo personagem" line="10">
<kw name="Start Session" library="base" type="SETUP">
<kw name="New Browser" library="Browser">
<arg>chromium</arg>
<arg>headless=False</arg>
<arg>slowMo=00:00:00</arg>
<tag>BrowserControl</tag>
<tag>Setter</tag>
<doc>Create a new playwright Browser with specified options.</doc>
<msg timestamp="20220516 20:33:17.124" level="INFO">{"browser": "chromium", "headless": false, "handleSIGINT": true, "handleSIGTERM": true, "handleSIGHUP": true, "timeout": 30000.0, "devtools": false, "slowMo": 0.0, "tracesDir": "E:\\Projetos_robotFramework\\gravidadeZERO\\YODAPP\\logs\\browser\\traces\\e7085c6b-b5ad-453b-be25-92094c9b26f4"}</msg>
<msg timestamp="20220516 20:33:18.603" level="INFO">Successfully created browser with options: {"browser":"chromium","headless":false,"handleSIGINT":true,"handleSIGTERM":true,"handleSIGHUP":true,"timeout":30000,"devtools":false,"slowMo":0,"tracesDir":"E:\\Projetos_robotFramework\\gravidadeZERO\\YODAPP\\logs\\browser\\traces\\e7085c6b-b5ad-453b-be25-92094c9b26f4"}</msg>
<status status="PASS" starttime="20220516 20:33:17.123" endtime="20220516 20:33:18.603"/>
</kw>
<kw name="New Page" library="Browser">
<arg>https://yodapp-testing.vercel.app/</arg>
<tag>BrowserControl</tag>
<tag>Setter</tag>
<doc>Open a new Page.</doc>
<msg timestamp="20220516 20:33:21.221" level="INFO">Successfully initialized new page object and opened url: https://yodapp-testing.vercel.app/</msg>
<msg timestamp="20220516 20:33:21.221" level="INFO">No context was open. New context was automatically opened when this page is created.</msg>
<status status="PASS" starttime="20220516 20:33:18.603" endtime="20220516 20:33:21.222"/>
</kw>
<status status="PASS" starttime="20220516 20:33:17.123" endtime="20220516 20:33:21.223"/>
</kw>
<kw name="Go To User Form" library="actions">
<kw name="Click" library="Browser">
<arg>text=Novo</arg>
<tag>PageContent</tag>
<tag>Setter</tag>
<doc>Simulates mouse click on the element found by ``selector``.</doc>
<status status="PASS" starttime="20220516 20:33:21.223" endtime="20220516 20:33:21.391"/>
</kw>
<kw name="Wait For Elements State" library="Browser">
<arg>css=.card-header-title &gt;&gt; text=Cadastrar novo usuário</arg>
<arg>visible</arg>
<arg>5</arg>
<tag>PageContent</tag>
<tag>Wait</tag>
<doc>Waits for the element found by ``selector`` to satisfy state option.</doc>
<msg timestamp="20220516 20:33:21.737" level="INFO">Waited for Element with selector css=.card-header-title &gt;&gt; text=Cadastrar novo usuário at state visible</msg>
<status status="PASS" starttime="20220516 20:33:21.392" endtime="20220516 20:33:21.737"/>
</kw>
<status status="PASS" starttime="20220516 20:33:21.223" endtime="20220516 20:33:21.737"/>
</kw>
<kw name="Fill User Form" library="actions">
<arg>Mestre Yoda</arg>
<arg>yoda@jedi.com</arg>
<arg>Jedi</arg>
<arg>fevereiro-1970-20</arg>
<arg>@yoda</arg>
<kw name="Fill Text" library="Browser">
<arg>css=input[name="nome"]</arg>
<arg>${name}</arg>
<tag>PageContent</tag>
<tag>Setter</tag>
<doc>Clears and fills the given ``txt`` into the text field found by ``selector``.</doc>
<msg timestamp="20220516 20:33:21.739" level="INFO">Fills the text 'Mestre Yoda' in the given field.</msg>
<status status="PASS" starttime="20220516 20:33:21.739" endtime="20220516 20:33:21.789"/>
</kw>
<kw name="Fill Text" library="Browser">
<arg>css=input[name="email"]</arg>
<arg>${email}</arg>
<tag>PageContent</tag>
<tag>Setter</tag>
<doc>Clears and fills the given ``txt`` into the text field found by ``selector``.</doc>
<msg timestamp="20220516 20:33:21.790" level="INFO">Fills the text 'yoda@jedi.com' in the given field.</msg>
<status status="PASS" starttime="20220516 20:33:21.790" endtime="20220516 20:33:21.841"/>
</kw>
<kw name="Select Options By" library="Browser">
<arg>css=.ordem select</arg>
<arg>text</arg>
<arg>${ordem}</arg>
<tag>PageContent</tag>
<tag>Setter</tag>
<doc>Selects options from select element found by ``selector``.</doc>
<status status="PASS" starttime="20220516 20:33:21.841" endtime="20220516 20:33:21.975"/>
</kw>
<kw name="Select Birth Date" library="actions">
<arg>${birthDate}</arg>
<kw name="Split String" library="String">
<var>@{date}</var>
<arg>${text_date}</arg>
<arg>-</arg>
<doc>Splits the ``string`` using ``separator`` as a delimiter string.</doc>
<msg timestamp="20220516 20:33:21.977" level="INFO">@{date} = [ fevereiro | 1970 | 20 ]</msg>
<status status="PASS" starttime="20220516 20:33:21.976" endtime="20220516 20:33:21.977"/>
</kw>
<kw name="Click" library="Browser">
<arg>css=input[name="Data de nascimento"]</arg>
<tag>PageContent</tag>
<tag>Setter</tag>
<doc>Simulates mouse click on the element found by ``selector``.</doc>
<status status="PASS" starttime="20220516 20:33:21.977" endtime="20220516 20:33:22.179"/>
</kw>
<kw name="Select Options By" library="Browser">
<arg>xpath=(//header[@class="datepicker-header"]//select)[1]</arg>
<arg>text</arg>
<arg>${date}[0]</arg>
<tag>PageContent</tag>
<tag>Setter</tag>
<doc>Selects options from select element found by ``selector``.</doc>
<status status="PASS" starttime="20220516 20:33:22.179" endtime="20220516 20:33:22.467"/>
</kw>
<kw name="Select Options By" library="Browser">
<arg>xpath=(//header[@class="datepicker-header"]//select)[2]</arg>
<arg>value</arg>
<arg>${date}[1]</arg>
<tag>PageContent</tag>
<tag>Setter</tag>
<doc>Selects options from select element found by ``selector``.</doc>
<status status="PASS" starttime="20220516 20:33:22.468" endtime="20220516 20:33:24.371"/>
</kw>
<kw name="Click" library="Browser">
<arg>xpath=//a[contains(@class,"datepicker-cell")]//span[text()="${date}[2]"]</arg>
<tag>PageContent</tag>
<tag>Setter</tag>
<doc>Simulates mouse click on the element found by ``selector``.</doc>
<status status="PASS" starttime="20220516 20:33:24.372" endtime="20220516 20:33:24.436"/>
</kw>
<status status="PASS" starttime="20220516 20:33:21.975" endtime="20220516 20:33:24.437"/>
</kw>
<kw name="Fill Text" library="Browser">
<arg>id=insta</arg>
<arg>${instagram}</arg>
<tag>PageContent</tag>
<tag>Setter</tag>
<doc>Clears and fills the given ``txt`` into the text field found by ``selector``.</doc>
<msg timestamp="20220516 20:33:24.438" level="INFO">Fills the text '@yoda' in the given field.</msg>
<status status="PASS" starttime="20220516 20:33:24.437" endtime="20220516 20:33:24.478"/>
</kw>
<status status="PASS" starttime="20220516 20:33:21.738" endtime="20220516 20:33:24.478"/>
</kw>
<kw name="Select Jedi" library="actions">
<arg>Cavaleiro Jedi</arg>
<kw name="Click" library="Browser">
<arg>xpath=//input[@value="${tipoJedi}"]/..//span[@class="check"]</arg>
<tag>PageContent</tag>
<tag>Setter</tag>
<doc>Simulates mouse click on the element found by ``selector``.</doc>
<status status="PASS" starttime="20220516 20:33:24.479" endtime="20220516 20:33:24.550"/>
</kw>
<status status="PASS" starttime="20220516 20:33:24.478" endtime="20220516 20:33:24.550"/>
</kw>
<kw name="Check Accept Comunications" library="actions">
<kw name="Click" library="Browser">
<arg>xpath=//input[@name="comunications"]/../span[@class="check"]</arg>
<tag>PageContent</tag>
<tag>Setter</tag>
<doc>Simulates mouse click on the element found by ``selector``.</doc>
<status status="PASS" starttime="20220516 20:33:24.552" endtime="20220516 20:33:24.661"/>
</kw>
<status status="PASS" starttime="20220516 20:33:24.551" endtime="20220516 20:33:24.662"/>
</kw>
<kw name="Submit User Form" library="actions">
<kw name="Click" library="Browser">
<arg>css=button &gt;&gt; text=Cadastrar</arg>
<tag>PageContent</tag>
<tag>Setter</tag>
<doc>Simulates mouse click on the element found by ``selector``.</doc>
<status status="PASS" starttime="20220516 20:33:24.663" endtime="20220516 20:33:24.857"/>
</kw>
<status status="PASS" starttime="20220516 20:33:24.662" endtime="20220516 20:33:24.858"/>
</kw>
<kw name="Toast Message Should Be" library="actions">
<arg>Usuário cadastrado com sucesso!</arg>
<kw name="Wait For Elements State" library="Browser">
<arg>css=.toast div &gt;&gt; text=${expected_message}</arg>
<arg>visible</arg>
<arg>5</arg>
<tag>PageContent</tag>
<tag>Wait</tag>
<doc>Waits for the element found by ``selector`` to satisfy state option.</doc>
<msg timestamp="20220516 20:33:24.874" level="INFO">Waited for Element with selector css=.toast div &gt;&gt; text=Usuário cadastrado com sucesso! at state visible</msg>
<status status="PASS" starttime="20220516 20:33:24.858" endtime="20220516 20:33:24.874"/>
</kw>
<status status="PASS" starttime="20220516 20:33:24.858" endtime="20220516 20:33:24.875"/>
</kw>
<kw name="Sleep" library="BuiltIn">
<arg>1</arg>
<doc>Pauses the test executed for the given time.</doc>
<msg timestamp="20220516 20:33:25.882" level="INFO">Slept 1 second</msg>
<status status="PASS" starttime="20220516 20:33:24.875" endtime="20220516 20:33:25.882"/>
</kw>
<kw name="End Session" library="base" type="TEARDOWN">
<kw name="Take Screenshot" library="Browser">
<tag>PageContent</tag>
<doc>Takes a screenshot of the current window or element and saves it to disk.</doc>
<msg timestamp="20220516 20:33:26.240" level="INFO" html="true">&lt;/td&gt;&lt;/tr&gt;&lt;tr&gt;&lt;td colspan="3"&gt;&lt;a href="browser/screenshot/robotframework-browser-screenshot-1.png"&gt;&lt;img src="browser/screenshot/robotframework-browser-screenshot-1.png" width="800px"&gt;&lt;/a&gt;</msg>
<status status="PASS" starttime="20220516 20:33:25.883" endtime="20220516 20:33:26.240"/>
</kw>
<status status="PASS" starttime="20220516 20:33:25.882" endtime="20220516 20:33:26.240"/>
</kw>
<tag>happy</tag>
<status status="PASS" starttime="20220516 20:33:17.119" endtime="20220516 20:33:26.240"/>
</test>
<test id="s1-s1-t2" name="Email incorreto" line="23">
<kw name="Start Session" library="base" type="SETUP">
<kw name="New Browser" library="Browser">
<arg>chromium</arg>
<arg>headless=False</arg>
<arg>slowMo=00:00:00</arg>
<tag>BrowserControl</tag>
<tag>Setter</tag>
<doc>Create a new playwright Browser with specified options.</doc>
<msg timestamp="20220516 20:33:26.361" level="INFO">{"browser": "chromium", "headless": false, "handleSIGINT": true, "handleSIGTERM": true, "handleSIGHUP": true, "timeout": 30000.0, "devtools": false, "slowMo": 0.0, "tracesDir": "E:\\Projetos_robotFramework\\gravidadeZERO\\YODAPP\\logs\\browser\\traces\\356cf6e2-1895-488f-8387-943a41b1de5c"}</msg>
<msg timestamp="20220516 20:33:28.037" level="INFO">Successfully created browser with options: {"browser":"chromium","headless":false,"handleSIGINT":true,"handleSIGTERM":true,"handleSIGHUP":true,"timeout":30000,"devtools":false,"slowMo":0,"tracesDir":"E:\\Projetos_robotFramework\\gravidadeZERO\\YODAPP\\logs\\browser\\traces\\356cf6e2-1895-488f-8387-943a41b1de5c"}</msg>
<status status="PASS" starttime="20220516 20:33:26.360" endtime="20220516 20:33:28.037"/>
</kw>
<kw name="New Page" library="Browser">
<arg>https://yodapp-testing.vercel.app/</arg>
<tag>BrowserControl</tag>
<tag>Setter</tag>
<doc>Open a new Page.</doc>
<msg timestamp="20220516 20:33:30.683" level="INFO">Successfully initialized new page object and opened url: https://yodapp-testing.vercel.app/</msg>
<msg timestamp="20220516 20:33:30.683" level="INFO">No context was open. New context was automatically opened when this page is created.</msg>
<status status="PASS" starttime="20220516 20:33:28.037" endtime="20220516 20:33:30.683"/>
</kw>
<status status="PASS" starttime="20220516 20:33:26.359" endtime="20220516 20:33:30.683"/>
</kw>
<kw name="Go To User Form" library="actions">
<kw name="Click" library="Browser">
<arg>text=Novo</arg>
<tag>PageContent</tag>
<tag>Setter</tag>
<doc>Simulates mouse click on the element found by ``selector``.</doc>
<status status="PASS" starttime="20220516 20:33:30.684" endtime="20220516 20:33:30.866"/>
</kw>
<kw name="Wait For Elements State" library="Browser">
<arg>css=.card-header-title &gt;&gt; text=Cadastrar novo usuário</arg>
<arg>visible</arg>
<arg>5</arg>
<tag>PageContent</tag>
<tag>Wait</tag>
<doc>Waits for the element found by ``selector`` to satisfy state option.</doc>
<msg timestamp="20220516 20:33:31.210" level="INFO">Waited for Element with selector css=.card-header-title &gt;&gt; text=Cadastrar novo usuário at state visible</msg>
<status status="PASS" starttime="20220516 20:33:30.866" endtime="20220516 20:33:31.210"/>
</kw>
<status status="PASS" starttime="20220516 20:33:30.684" endtime="20220516 20:33:31.210"/>
</kw>
<kw name="Fill User Form" library="actions">
<arg>Dart Vader</arg>
<arg>vader&amp;hotmail.com</arg>
<arg>Sith</arg>
<arg>dezembro-1980-15</arg>
<arg>@vader</arg>
<kw name="Fill Text" library="Browser">
<arg>css=input[name="nome"]</arg>
<arg>${name}</arg>
<tag>PageContent</tag>
<tag>Setter</tag>
<doc>Clears and fills the given ``txt`` into the text field found by ``selector``.</doc>
<msg timestamp="20220516 20:33:31.212" level="INFO">Fills the text 'Dart Vader' in the given field.</msg>
<status status="PASS" starttime="20220516 20:33:31.211" endtime="20220516 20:33:31.261"/>
</kw>
<kw name="Fill Text" library="Browser">
<arg>css=input[name="email"]</arg>
<arg>${email}</arg>
<tag>PageContent</tag>
<tag>Setter</tag>
<doc>Clears and fills the given ``txt`` into the text field found by ``selector``.</doc>
<msg timestamp="20220516 20:33:31.261" level="INFO">Fills the text 'vader&amp;hotmail.com' in the given field.</msg>
<status status="PASS" starttime="20220516 20:33:31.261" endtime="20220516 20:33:31.309"/>
</kw>
<kw name="Select Options By" library="Browser">
<arg>css=.ordem select</arg>
<arg>text</arg>
<arg>${ordem}</arg>
<tag>PageContent</tag>
<tag>Setter</tag>
<doc>Selects options from select element found by ``selector``.</doc>
<status status="PASS" starttime="20220516 20:33:31.309" endtime="20220516 20:33:31.423"/>
</kw>
<kw name="Select Birth Date" library="actions">
<arg>${birthDate}</arg>
<kw name="Split String" library="String">
<var>@{date}</var>
<arg>${text_date}</arg>
<arg>-</arg>
<doc>Splits the ``string`` using ``separator`` as a delimiter string.</doc>
<msg timestamp="20220516 20:33:31.424" level="INFO">@{date} = [ dezembro | 1980 | 15 ]</msg>
<status status="PASS" starttime="20220516 20:33:31.424" endtime="20220516 20:33:31.424"/>
</kw>
<kw name="Click" library="Browser">
<arg>css=input[name="Data de nascimento"]</arg>
<tag>PageContent</tag>
<tag>Setter</tag>
<doc>Simulates mouse click on the element found by ``selector``.</doc>
<status status="PASS" starttime="20220516 20:33:31.424" endtime="20220516 20:33:31.644"/>
</kw>
<kw name="Select Options By" library="Browser">
<arg>xpath=(//header[@class="datepicker-header"]//select)[1]</arg>
<arg>text</arg>
<arg>${date}[0]</arg>
<tag>PageContent</tag>
<tag>Setter</tag>
<doc>Selects options from select element found by ``selector``.</doc>
<status status="PASS" starttime="20220516 20:33:31.645" endtime="20220516 20:33:31.944"/>
</kw>
<kw name="Select Options By" library="Browser">
<arg>xpath=(//header[@class="datepicker-header"]//select)[2]</arg>
<arg>value</arg>
<arg>${date}[1]</arg>
<tag>PageContent</tag>
<tag>Setter</tag>
<doc>Selects options from select element found by ``selector``.</doc>
<status status="PASS" starttime="20220516 20:33:31.944" endtime="20220516 20:33:33.847"/>
</kw>
<kw name="Click" library="Browser">
<arg>xpath=//a[contains(@class,"datepicker-cell")]//span[text()="${date}[2]"]</arg>
<tag>PageContent</tag>
<tag>Setter</tag>
<doc>Simulates mouse click on the element found by ``selector``.</doc>
<status status="PASS" starttime="20220516 20:33:33.847" endtime="20220516 20:33:33.910"/>
</kw>
<status status="PASS" starttime="20220516 20:33:31.423" endtime="20220516 20:33:33.910"/>
</kw>
<kw name="Fill Text" library="Browser">
<arg>id=insta</arg>
<arg>${instagram}</arg>
<tag>PageContent</tag>
<tag>Setter</tag>
<doc>Clears and fills the given ``txt`` into the text field found by ``selector``.</doc>
<msg timestamp="20220516 20:33:33.911" level="INFO">Fills the text '@vader' in the given field.</msg>
<status status="PASS" starttime="20220516 20:33:33.910" endtime="20220516 20:33:33.958"/>
</kw>
<status status="PASS" starttime="20220516 20:33:31.211" endtime="20220516 20:33:33.958"/>
</kw>
<kw name="Check Accept Comunications" library="actions">
<kw name="Click" library="Browser">
<arg>xpath=//input[@name="comunications"]/../span[@class="check"]</arg>
<tag>PageContent</tag>
<tag>Setter</tag>
<doc>Simulates mouse click on the element found by ``selector``.</doc>
<status status="PASS" starttime="20220516 20:33:33.958" endtime="20220516 20:33:34.121"/>
</kw>
<status status="PASS" starttime="20220516 20:33:33.958" endtime="20220516 20:33:34.121"/>
</kw>
<kw name="Submit User Form" library="actions">
<kw name="Click" library="Browser">
<arg>css=button &gt;&gt; text=Cadastrar</arg>
<tag>PageContent</tag>
<tag>Setter</tag>
<doc>Simulates mouse click on the element found by ``selector``.</doc>
<status status="PASS" starttime="20220516 20:33:34.122" endtime="20220516 20:33:34.303"/>
</kw>
<status status="PASS" starttime="20220516 20:33:34.122" endtime="20220516 20:33:34.304"/>
</kw>
<kw name="Toast Message Should Be" library="actions">
<arg>Oops! O email é incorreto</arg>
<kw name="Wait For Elements State" library="Browser">
<arg>css=.toast div &gt;&gt; text=${expected_message}</arg>
<arg>visible</arg>
<arg>5</arg>
<tag>PageContent</tag>
<tag>Wait</tag>
<doc>Waits for the element found by ``selector`` to satisfy state option.</doc>
<msg timestamp="20220516 20:33:34.320" level="INFO">Waited for Element with selector css=.toast div &gt;&gt; text=Oops! O email é incorreto at state visible</msg>
<status status="PASS" starttime="20220516 20:33:34.304" endtime="20220516 20:33:34.321"/>
</kw>
<status status="PASS" starttime="20220516 20:33:34.304" endtime="20220516 20:33:34.321"/>
</kw>
<kw name="End Session" library="base" type="TEARDOWN">
<kw name="Take Screenshot" library="Browser">
<tag>PageContent</tag>
<doc>Takes a screenshot of the current window or element and saves it to disk.</doc>
<msg timestamp="20220516 20:33:34.684" level="INFO" html="true">&lt;/td&gt;&lt;/tr&gt;&lt;tr&gt;&lt;td colspan="3"&gt;&lt;a href="browser/screenshot/robotframework-browser-screenshot-2.png"&gt;&lt;img src="browser/screenshot/robotframework-browser-screenshot-2.png" width="800px"&gt;&lt;/a&gt;</msg>
<status status="PASS" starttime="20220516 20:33:34.322" endtime="20220516 20:33:34.684"/>
</kw>
<status status="PASS" starttime="20220516 20:33:34.321" endtime="20220516 20:33:34.685"/>
</kw>
<tag>inv_email</tag>
<status status="PASS" starttime="20220516 20:33:26.352" endtime="20220516 20:33:34.685"/>
</test>
<doc>Suite de testes do cadastro de personagens</doc>
<status status="PASS" starttime="20220516 20:33:15.762" endtime="20220516 20:33:34.792"/>
</suite>
<suite id="s1-s2" name="Online" source="E:\Projetos_robotFramework\gravidadeZERO\YODAPP\tests\online.robot">
<test id="s1-s2-t1" name="Yodapp deve estar online" line="10">
<kw name="Start Session" library="base" type="SETUP">
<kw name="New Browser" library="Browser">
<arg>chromium</arg>
<arg>headless=False</arg>
<arg>slowMo=00:00:00</arg>
<tag>BrowserControl</tag>
<tag>Setter</tag>
<doc>Create a new playwright Browser with specified options.</doc>
<msg timestamp="20220516 20:33:34.825" level="INFO">{"browser": "chromium", "headless": false, "handleSIGINT": true, "handleSIGTERM": true, "handleSIGHUP": true, "timeout": 30000.0, "devtools": false, "slowMo": 0.0, "tracesDir": "E:\\Projetos_robotFramework\\gravidadeZERO\\YODAPP\\logs\\browser\\traces\\e0c5c52f-3632-4a86-960e-383823ba5590"}</msg>
<msg timestamp="20220516 20:33:36.536" level="INFO">Successfully created browser with options: {"browser":"chromium","headless":false,"handleSIGINT":true,"handleSIGTERM":true,"handleSIGHUP":true,"timeout":30000,"devtools":false,"slowMo":0,"tracesDir":"E:\\Projetos_robotFramework\\gravidadeZERO\\YODAPP\\logs\\browser\\traces\\e0c5c52f-3632-4a86-960e-383823ba5590"}</msg>
<status status="PASS" starttime="20220516 20:33:34.824" endtime="20220516 20:33:36.536"/>
</kw>
<kw name="New Page" library="Browser">
<arg>https://yodapp-testing.vercel.app/</arg>
<tag>BrowserControl</tag>
<tag>Setter</tag>
<doc>Open a new Page.</doc>
<msg timestamp="20220516 20:33:39.070" level="INFO">Successfully initialized new page object and opened url: https://yodapp-testing.vercel.app/</msg>
<msg timestamp="20220516 20:33:39.070" level="INFO">No context was open. New context was automatically opened when this page is created.</msg>
<status status="PASS" starttime="20220516 20:33:36.536" endtime="20220516 20:33:39.071"/>
</kw>
<status status="PASS" starttime="20220516 20:33:34.824" endtime="20220516 20:33:39.071"/>
</kw>
<kw name="Get Title" library="Browser">
<arg>equal</arg>
<arg>Yodapp | QAninja</arg>
<tag>Assertion</tag>
<tag>Getter</tag>
<tag>PageContent</tag>
<doc>Returns the title of the current page.</doc>
<status status="PASS" starttime="20220516 20:33:39.071" endtime="20220516 20:33:39.082"/>
</kw>
<kw name="End Session" library="base" type="TEARDOWN">
<kw name="Take Screenshot" library="Browser">
<tag>PageContent</tag>
<doc>Takes a screenshot of the current window or element and saves it to disk.</doc>
<msg timestamp="20220516 20:33:39.440" level="INFO" html="true">&lt;/td&gt;&lt;/tr&gt;&lt;tr&gt;&lt;td colspan="3"&gt;&lt;a href="browser/screenshot/robotframework-browser-screenshot-3.png"&gt;&lt;img src="browser/screenshot/robotframework-browser-screenshot-3.png" width="800px"&gt;&lt;/a&gt;</msg>
<status status="PASS" starttime="20220516 20:33:39.082" endtime="20220516 20:33:39.440"/>
</kw>
<status status="PASS" starttime="20220516 20:33:39.082" endtime="20220516 20:33:39.440"/>
</kw>
<status status="PASS" starttime="20220516 20:33:34.821" endtime="20220516 20:33:39.440"/>
</test>
<test id="s1-s2-t2" name="Deve exibir mensagem de boas vindas" line="14">
<kw name="Start Session" library="base" type="SETUP">
<kw name="New Browser" library="Browser">
<arg>chromium</arg>
<arg>headless=False</arg>
<arg>slowMo=00:00:00</arg>
<tag>BrowserControl</tag>
<tag>Setter</tag>
<doc>Create a new playwright Browser with specified options.</doc>
<msg timestamp="20220516 20:33:39.540" level="INFO">{"browser": "chromium", "headless": false, "handleSIGINT": true, "handleSIGTERM": true, "handleSIGHUP": true, "timeout": 30000.0, "devtools": false, "slowMo": 0.0, "tracesDir": "E:\\Projetos_robotFramework\\gravidadeZERO\\YODAPP\\logs\\browser\\traces\\4ccc436a-3e4e-4f11-99f0-bff72bea475c"}</msg>
<msg timestamp="20220516 20:33:41.383" level="INFO">Successfully created browser with options: {"browser":"chromium","headless":false,"handleSIGINT":true,"handleSIGTERM":true,"handleSIGHUP":true,"timeout":30000,"devtools":false,"slowMo":0,"tracesDir":"E:\\Projetos_robotFramework\\gravidadeZERO\\YODAPP\\logs\\browser\\traces\\4ccc436a-3e4e-4f11-99f0-bff72bea475c"}</msg>
<status status="PASS" starttime="20220516 20:33:39.538" endtime="20220516 20:33:41.383"/>
</kw>
<kw name="New Page" library="Browser">
<arg>https://yodapp-testing.vercel.app/</arg>
<tag>BrowserControl</tag>
<tag>Setter</tag>
<doc>Open a new Page.</doc>
<msg timestamp="20220516 20:33:44.069" level="INFO">Successfully initialized new page object and opened url: https://yodapp-testing.vercel.app/</msg>
<msg timestamp="20220516 20:33:44.069" level="INFO">No context was open. New context was automatically opened when this page is created.</msg>
<status status="PASS" starttime="20220516 20:33:41.383" endtime="20220516 20:33:44.070"/>
</kw>
<status status="PASS" starttime="20220516 20:33:39.536" endtime="20220516 20:33:44.070"/>
</kw>
<kw name="Wait For Elements State" library="Browser">
<arg>css=.navbar-item &gt;&gt; text=Que a Força (qualidade) esteja com você!</arg>
<arg>visible</arg>
<arg>5</arg>
<tag>PageContent</tag>
<tag>Wait</tag>
<doc>Waits for the element found by ``selector`` to satisfy state option.</doc>
<msg timestamp="20220516 20:33:44.104" level="INFO">Waited for Element with selector css=.navbar-item &gt;&gt; text=Que a Força (qualidade) esteja com você! at state visible</msg>
<status status="PASS" starttime="20220516 20:33:44.070" endtime="20220516 20:33:44.104"/>
</kw>
<kw name="End Session" library="base" type="TEARDOWN">
<kw name="Take Screenshot" library="Browser">
<tag>PageContent</tag>
<doc>Takes a screenshot of the current window or element and saves it to disk.</doc>
<msg timestamp="20220516 20:33:44.470" level="INFO" html="true">&lt;/td&gt;&lt;/tr&gt;&lt;tr&gt;&lt;td colspan="3"&gt;&lt;a href="browser/screenshot/robotframework-browser-screenshot-4.png"&gt;&lt;img src="browser/screenshot/robotframework-browser-screenshot-4.png" width="800px"&gt;&lt;/a&gt;</msg>
<status status="PASS" starttime="20220516 20:33:44.105" endtime="20220516 20:33:44.470"/>
</kw>
<status status="PASS" starttime="20220516 20:33:44.104" endtime="20220516 20:33:44.471"/>
</kw>
<status status="PASS" starttime="20220516 20:33:39.531" endtime="20220516 20:33:44.471"/>
</test>
<doc>Suite de testes para verificar se o app está online</doc>
<status status="PASS" starttime="20220516 20:33:34.796" endtime="20220516 20:33:44.571"/>
</suite>
<status status="PASS" starttime="20220516 20:33:15.724" endtime="20220516 20:33:44.579"/>
</suite>
<statistics>
<total>
<stat pass="4" fail="0" skip="0">All Tests</stat>
</total>
<tag>
<stat pass="1" fail="0" skip="0">happy</stat>
<stat pass="1" fail="0" skip="0">inv_email</stat>
</tag>
<suite>
<stat pass="4" fail="0" skip="0" id="s1" name="Tests">Tests</stat>
<stat pass="2" fail="0" skip="0" id="s1-s1" name="Cadastro">Tests.Cadastro</stat>
<stat pass="2" fail="0" skip="0" id="s1-s2" name="Online">Tests.Online</stat>
</suite>
</statistics>
<errors>
</errors>
</robot>
